# JRE version: OpenJDK Runtime Environment (11.0.12+7) (build 11.0.12+7-b1504.28-7817840)
# Java VM: OpenJDK 64-Bit Server VM (11.0.12+7-b1504.28-7817840, mixed mode, tiered, compressed oops, g1 gc, windows-amd64)
Heap:
 garbage-first heap   total 262144K, used 147293K [0x00000000e0000000, 0x0000000100000000)
  region size 1024K, 56 young (57344K), 7 survivors (7168K)
 Metaspace       used 108861K, capacity 111713K, committed 111908K, reserved 352256K
  class space    used 14025K, capacity 15095K, committed 15104K, reserved 253952K
GC Heap History (20 events):
Event: 1.761 GC heap before
{Heap before GC invocations=3 (full 0):
 garbage-first heap   total 262144K, used 38395K [0x00000000e0000000, 0x0000000100000000)
  region size 1024K, 32 young (32768K), 11 survivors (11264K)
 Metaspace       used 22550K, capacity 23005K, committed 23216K, reserved 274432K
  class space    used 2880K, capacity 3046K, committed 3072K, reserved 253952K
}
Event: 1.775 GC heap after
{Heap after GC invocations=4 (full 0):
 garbage-first heap   total 262144K, used 17826K [0x00000000e0000000, 0x0000000100000000)
  region size 1024K, 2 young (2048K), 2 survivors (2048K)
 Metaspace       used 22550K, capacity 23005K, committed 23216K, reserved 274432K
  class space    used 2880K, capacity 3046K, committed 3072K, reserved 253952K
}
Event: 2.695 GC heap before
{Heap before GC invocations=4 (full 0):
 garbage-first heap   total 262144K, used 107938K [0x00000000e0000000, 0x0000000100000000)
  region size 1024K, 91 young (93184K), 2 survivors (2048K)
 Metaspace       used 34856K, capacity 35643K, committed 35708K, reserved 286720K
  class space    used 4537K, capacity 4861K, committed 4864K, reserved 253952K
}
Event: 2.703 GC heap after
{Heap after GC invocations=5 (full 0):
 garbage-first heap   total 262144K, used 22346K [0x00000000e0000000, 0x0000000100000000)
  region size 1024K, 6 young (6144K), 6 survivors (6144K)
 Metaspace       used 34856K, capacity 35643K, committed 35708K, reserved 286720K
  class space    used 4537K, capacity 4861K, committed 4864K, reserved 253952K
}
Event: 3.973 GC heap before
{Heap before GC invocations=6 (full 0):
 garbage-first heap   total 262144K, used 152394K [0x00000000e0000000, 0x0000000100000000)
  region size 1024K, 133 young (136192K), 6 survivors (6144K)
 Metaspace       used 45614K, capacity 46723K, committed 46972K, reserved 294912K
  class space    used 5985K, capacity 6396K, committed 6400K, reserved 253952K
}
Event: 3.987 GC heap after
{Heap after GC invocations=7 (full 0):
 garbage-first heap   total 262144K, used 28437K [0x00000000e0000000, 0x0000000100000000)
  region size 1024K, 12 young (12288K), 12 survivors (12288K)
 Metaspace       used 45614K, capacity 46723K, committed 46972K, reserved 294912K
  class space    used 5985K, capacity 6396K, committed 6400K, reserved 253952K
}
Event: 4.986 GC heap before
{Heap before GC invocations=7 (full 0):
 garbage-first heap   total 262144K, used 182037K [0x00000000e0000000, 0x0000000100000000)
  region size 1024K, 153 young (156672K), 12 survivors (12288K)
 Metaspace       used 52301K, capacity 53651K, committed 53884K, reserved 301056K
  class space    used 6796K, capacity 7315K, committed 7424K, reserved 253952K
}
Event: 5.004 GC heap after
{Heap after GC invocations=8 (full 0):
 garbage-first heap   total 262144K, used 48490K [0x00000000e0000000, 0x0000000100000000)
  region size 1024K, 17 young (17408K), 17 survivors (17408K)
 Metaspace       used 52301K, capacity 53651K, committed 53884K, reserved 301056K
  class space    used 6796K, capacity 7315K, committed 7424K, reserved 253952K
}
Event: 5.428 GC heap before
{Heap before GC invocations=8 (full 0):
 garbage-first heap   total 262144K, used 95594K [0x00000000e0000000, 0x0000000100000000)
  region size 1024K, 64 young (65536K), 17 survivors (17408K)
 Metaspace       used 58394K, capacity 59764K, committed 59940K, reserved 307200K
  class space    used 7544K, capacity 8094K, committed 8192K, reserved 253952K
}
Event: 5.444 GC heap after
{Heap after GC invocations=9 (full 0):
 garbage-first heap   total 262144K, used 50652K [0x00000000e0000000, 0x0000000100000000)
  region size 1024K, 3 young (3072K), 3 survivors (3072K)
 Metaspace       used 58394K, capacity 59764K, committed 59940K, reserved 307200K
  class space    used 7544K, capacity 8094K, committed 8192K, reserved 253952K
}
Event: 6.608 GC heap before
{Heap before GC invocations=10 (full 0):
 garbage-first heap   total 262144K, used 185820K [0x00000000e0000000, 0x0000000100000000)
  region size 1024K, 135 young (138240K), 3 survivors (3072K)
 Metaspace       used 71196K, capacity 72799K, committed 73124K, reserved 317440K
  class space    used 9110K, capacity 9753K, committed 9856K, reserved 253952K
}
Event: 6.625 GC heap after
{Heap after GC invocations=11 (full 0):
 garbage-first heap   total 262144K, used 58209K [0x00000000e0000000, 0x0000000100000000)
  region size 1024K, 11 young (11264K), 11 survivors (11264K)
 Metaspace       used 71196K, capacity 72799K, committed 73124K, reserved 317440K
  class space    used 9110K, capacity 9753K, committed 9856K, reserved 253952K
}
Event: 9.912 GC heap before
{Heap before GC invocations=12 (full 0):
 garbage-first heap   total 262144K, used 192353K [0x00000000e0000000, 0x0000000100000000)
  region size 1024K, 142 young (145408K), 11 survivors (11264K)
 Metaspace       used 84358K, capacity 86039K, committed 86308K, reserved 329728K
  class space    used 11058K, capacity 11689K, committed 11776K, reserved 253952K
}
Event: 9.943 GC heap after
{Heap after GC invocations=13 (full 0):
 garbage-first heap   total 262144K, used 65635K [0x00000000e0000000, 0x0000000100000000)
  region size 1024K, 16 young (16384K), 16 survivors (16384K)
 Metaspace       used 84358K, capacity 86039K, committed 86308K, reserved 329728K
  class space    used 11058K, capacity 11689K, committed 11776K, reserved 253952K
}
Event: 11.149 GC heap before
{Heap before GC invocations=13 (full 0):
 garbage-first heap   total 262144K, used 196707K [0x00000000e0000000, 0x0000000100000000)
  region size 1024K, 145 young (148480K), 16 survivors (16384K)
 Metaspace       used 91448K, capacity 93541K, committed 93604K, reserved 335872K
  class space    used 11875K, capacity 12649K, committed 12672K, reserved 253952K
}
Event: 11.192 GC heap after
{Heap after GC invocations=14 (full 0):
 garbage-first heap   total 262144K, used 77189K [0x00000000e0000000, 0x0000000100000000)
  region size 1024K, 19 young (19456K), 19 survivors (19456K)
 Metaspace       used 91448K, capacity 93541K, committed 93604K, reserved 335872K
  class space    used 11875K, capacity 12649K, committed 12672K, reserved 253952K
}
Event: 35.457 GC heap before
{Heap before GC invocations=14 (full 0):
 garbage-first heap   total 262144K, used 200069K [0x00000000e0000000, 0x0000000100000000)
  region size 1024K, 140 young (143360K), 19 survivors (19456K)
 Metaspace       used 96773K, capacity 99151K, committed 99364K, reserved 339968K
  class space    used 12547K, capacity 13450K, committed 13568K, reserved 253952K
}
Event: 35.481 GC heap after
{Heap after GC invocations=15 (full 0):
 garbage-first heap   total 262144K, used 86258K [0x00000000e0000000, 0x0000000100000000)
  region size 1024K, 10 young (10240K), 10 survivors (10240K)
 Metaspace       used 96773K, capacity 99151K, committed 99364K, reserved 339968K
  class space    used 12547K, capacity 13450K, committed 13568K, reserved 253952K
}
Event: 37.336 GC heap before
{Heap before GC invocations=15 (full 0):
 garbage-first heap   total 262144K, used 206066K [0x00000000e0000000, 0x0000000100000000)
  region size 1024K, 126 young (129024K), 10 survivors (10240K)
 Metaspace       used 107031K, capacity 109762K, committed 109860K, reserved 350208K
  class space    used 13790K, capacity 14780K, committed 14848K, reserved 253952K
}
Event: 37.353 GC heap after
{Heap after GC invocations=16 (full 0):
 garbage-first heap   total 262144K, used 95069K [0x00000000e0000000, 0x0000000100000000)
  region size 1024K, 7 young (7168K), 7 survivors (7168K)
 Metaspace       used 107031K, capacity 109762K, committed 109860K, reserved 350208K
  class space    used 13790K, capacity 14780K, committed 14848K, reserved 253952K
}

