# JRE version: OpenJDK Runtime Environment (11.0.12+7) (build 11.0.12+7-b1504.28-7817840)
# Java VM: OpenJDK 64-Bit Server VM (11.0.12+7-b1504.28-7817840, mixed mode, tiered, compressed oops, g1 gc, windows-amd64)
Heap:
 garbage-first heap   total 262144K, used 199505K [0x00000000e0000000, 0x0000000100000000)
  region size 1024K, 15 young (15360K), 4 survivors (4096K)
 Metaspace       used 143611K, capacity 147113K, committed 147280K, reserved 387072K
  class space    used 17649K, capacity 18971K, committed 19096K, reserved 253952K
GC Heap History (20 events):
Event: 54.632 GC heap before
{Heap before GC invocations=49 (full 0):
 garbage-first heap   total 262144K, used 224205K [0x00000000e0000000, 0x0000000100000000)
  region size 1024K, 12 young (12288K), 1 survivors (1024K)
 Metaspace       used 127202K, capacity 130511K, committed 130768K, reserved 368640K
  class space    used 15898K, capacity 17120K, committed 17176K, reserved 253952K
}
Event: 54.635 GC heap after
{Heap after GC invocations=50 (full 0):
 garbage-first heap   total 262144K, used 213134K [0x00000000e0000000, 0x0000000100000000)
  region size 1024K, 1 young (1024K), 1 survivors (1024K)
 Metaspace       used 127202K, capacity 130511K, committed 130768K, reserved 368640K
  class space    used 15898K, capacity 17120K, committed 17176K, reserved 253952K
}
Event: 54.793 GC heap before
{Heap before GC invocations=51 (full 0):
 garbage-first heap   total 262144K, used 224398K [0x00000000e0000000, 0x0000000100000000)
  region size 1024K, 12 young (12288K), 1 survivors (1024K)
 Metaspace       used 127217K, capacity 130511K, committed 130768K, reserved 368640K
  class space    used 15898K, capacity 17120K, committed 17176K, reserved 253952K
}
Event: 54.796 GC heap after
{Heap after GC invocations=52 (full 0):
 garbage-first heap   total 262144K, used 212543K [0x00000000e0000000, 0x0000000100000000)
  region size 1024K, 1 young (1024K), 1 survivors (1024K)
 Metaspace       used 127217K, capacity 130511K, committed 130768K, reserved 368640K
  class space    used 15898K, capacity 17120K, committed 17176K, reserved 253952K
}
Event: 55.117 GC heap before
{Heap before GC invocations=52 (full 0):
 garbage-first heap   total 262144K, used 223807K [0x00000000e0000000, 0x0000000100000000)
  region size 1024K, 12 young (12288K), 1 survivors (1024K)
 Metaspace       used 127267K, capacity 130575K, committed 130768K, reserved 368640K
  class space    used 15899K, capacity 17120K, committed 17176K, reserved 253952K
}
Event: 55.127 GC heap after
{Heap after GC invocations=53 (full 0):
 garbage-first heap   total 262144K, used 207325K [0x00000000e0000000, 0x0000000100000000)
  region size 1024K, 1 young (1024K), 1 survivors (1024K)
 Metaspace       used 127267K, capacity 130575K, committed 130768K, reserved 368640K
  class space    used 15899K, capacity 17120K, committed 17176K, reserved 253952K
}
Event: 59.231 GC heap before
{Heap before GC invocations=53 (full 0):
 garbage-first heap   total 262144K, used 222685K [0x00000000e0000000, 0x0000000100000000)
  region size 1024K, 16 young (16384K), 1 survivors (1024K)
 Metaspace       used 127372K, capacity 130672K, committed 130768K, reserved 368640K
  class space    used 15904K, capacity 17122K, committed 17176K, reserved 253952K
}
Event: 59.233 GC heap after
{Heap after GC invocations=54 (full 0):
 garbage-first heap   total 262144K, used 199145K [0x00000000e0000000, 0x0000000100000000)
  region size 1024K, 1 young (1024K), 1 survivors (1024K)
 Metaspace       used 127372K, capacity 130672K, committed 130768K, reserved 368640K
  class space    used 15904K, capacity 17122K, committed 17176K, reserved 253952K
}
Event: 59.459 GC heap before
{Heap before GC invocations=54 (full 0):
 garbage-first heap   total 262144K, used 211433K [0x00000000e0000000, 0x0000000100000000)
  region size 1024K, 15 young (15360K), 1 survivors (1024K)
 Metaspace       used 127440K, capacity 130743K, committed 131024K, reserved 368640K
  class space    used 15910K, capacity 17124K, committed 17176K, reserved 253952K
}
Event: 59.462 GC heap after
{Heap after GC invocations=55 (full 0):
 garbage-first heap   total 262144K, used 199778K [0x00000000e0000000, 0x0000000100000000)
  region size 1024K, 1 young (1024K), 1 survivors (1024K)
 Metaspace       used 127440K, capacity 130743K, committed 131024K, reserved 368640K
  class space    used 15910K, capacity 17124K, committed 17176K, reserved 253952K
}
Event: 59.755 GC heap before
{Heap before GC invocations=56 (full 0):
 garbage-first heap   total 262144K, used 206496K [0x00000000e0000000, 0x0000000100000000)
  region size 1024K, 23 young (23552K), 1 survivors (1024K)
 Metaspace       used 129558K, capacity 132907K, committed 133200K, reserved 370688K
  class space    used 16178K, capacity 17436K, committed 17560K, reserved 253952K
}
Event: 59.758 GC heap after
{Heap after GC invocations=57 (full 0):
 garbage-first heap   total 262144K, used 184452K [0x00000000e0000000, 0x0000000100000000)
  region size 1024K, 3 young (3072K), 3 survivors (3072K)
 Metaspace       used 129558K, capacity 132907K, committed 133200K, reserved 370688K
  class space    used 16178K, capacity 17436K, committed 17560K, reserved 253952K
}
Event: 59.888 GC heap before
{Heap before GC invocations=57 (full 0):
 garbage-first heap   total 262144K, used 195716K [0x00000000e0000000, 0x0000000100000000)
  region size 1024K, 12 young (12288K), 3 survivors (3072K)
 Metaspace       used 131827K, capacity 135251K, committed 135376K, reserved 372736K
  class space    used 16370K, capacity 17641K, committed 17688K, reserved 253952K
}
Event: 59.908 GC heap after
{Heap after GC invocations=58 (full 0):
 garbage-first heap   total 262144K, used 169953K [0x00000000e0000000, 0x0000000100000000)
  region size 1024K, 1 young (1024K), 1 survivors (1024K)
 Metaspace       used 131827K, capacity 135251K, committed 135376K, reserved 372736K
  class space    used 16370K, capacity 17641K, committed 17688K, reserved 253952K
}
Event: 60.048 GC heap before
{Heap before GC invocations=58 (full 0):
 garbage-first heap   total 262144K, used 180193K [0x00000000e0000000, 0x0000000100000000)
  region size 1024K, 12 young (12288K), 1 survivors (1024K)
 Metaspace       used 134407K, capacity 137797K, committed 138064K, reserved 374784K
  class space    used 16679K, capacity 17959K, committed 18072K, reserved 253952K
}
Event: 60.054 GC heap after
{Heap after GC invocations=59 (full 0):
 garbage-first heap   total 262144K, used 171155K [0x00000000e0000000, 0x0000000100000000)
  region size 1024K, 2 young (2048K), 2 survivors (2048K)
 Metaspace       used 134407K, capacity 137797K, committed 138064K, reserved 374784K
  class space    used 16679K, capacity 17959K, committed 18072K, reserved 253952K
}
Event: 60.552 GC heap before
{Heap before GC invocations=59 (full 0):
 garbage-first heap   total 262144K, used 212115K [0x00000000e0000000, 0x0000000100000000)
  region size 1024K, 38 young (38912K), 2 survivors (2048K)
 Metaspace       used 136040K, capacity 139514K, committed 139728K, reserved 376832K
  class space    used 16823K, capacity 18127K, committed 18200K, reserved 253952K
}
Event: 60.560 GC heap after
{Heap after GC invocations=60 (full 0):
 garbage-first heap   total 262144K, used 182178K [0x00000000e0000000, 0x0000000100000000)
  region size 1024K, 5 young (5120K), 5 survivors (5120K)
 Metaspace       used 136040K, capacity 139514K, committed 139728K, reserved 376832K
  class space    used 16823K, capacity 18127K, committed 18200K, reserved 253952K
}
Event: 61.010 GC heap before
{Heap before GC invocations=60 (full 0):
 garbage-first heap   total 262144K, used 216994K [0x00000000e0000000, 0x0000000100000000)
  region size 1024K, 36 young (36864K), 5 survivors (5120K)
 Metaspace       used 141847K, capacity 145321K, committed 145488K, reserved 380928K
  class space    used 17398K, capacity 18715K, committed 18840K, reserved 253952K
}
Event: 61.021 GC heap after
{Heap after GC invocations=61 (full 0):
 garbage-first heap   total 262144K, used 189265K [0x00000000e0000000, 0x0000000100000000)
  region size 1024K, 4 young (4096K), 4 survivors (4096K)
 Metaspace       used 141847K, capacity 145321K, committed 145488K, reserved 380928K
  class space    used 17398K, capacity 18715K, committed 18840K, reserved 253952K
}

