# JRE version: OpenJDK Runtime Environment (11.0.12+7) (build 11.0.12+7-b1504.28-7817840)
# Java VM: OpenJDK 64-Bit Server VM (11.0.12+7-b1504.28-7817840, mixed mode, tiered, compressed oops, g1 gc, windows-amd64)
Heap:
 garbage-first heap   total 280576K, used 146276K [0x00000000e0000000, 0x0000000100000000)
  region size 1024K, 3 young (3072K), 2 survivors (2048K)
 Metaspace       used 132179K, capacity 135406K, committed 135476K, reserved 372736K
  class space    used 16695K, capacity 17981K, committed 17996K, reserved 253952K
GC Heap History (20 events):
Event: 12.911 GC heap before
{Heap before GC invocations=35 (full 0):
 garbage-first heap   total 280576K, used 240926K [0x00000000e0000000, 0x0000000100000000)
  region size 1024K, 18 young (18432K), 3 survivors (3072K)
 Metaspace       used 121008K, capacity 124024K, committed 124212K, reserved 362496K
  class space    used 15448K, capacity 16624K, committed 16716K, reserved 253952K
}
Event: 12.916 GC heap after
{Heap after GC invocations=36 (full 0):
 garbage-first heap   total 280576K, used 227873K [0x00000000e0000000, 0x0000000100000000)
  region size 1024K, 3 young (3072K), 3 survivors (3072K)
 Metaspace       used 121008K, capacity 124024K, committed 124212K, reserved 362496K
  class space    used 15448K, capacity 16624K, committed 16716K, reserved 253952K
}
Event: 12.983 GC heap before
{Heap before GC invocations=36 (full 0):
 garbage-first heap   total 280576K, used 242209K [0x00000000e0000000, 0x0000000100000000)
  region size 1024K, 17 young (17408K), 3 survivors (3072K)
 Metaspace       used 121401K, capacity 124494K, committed 124724K, reserved 362496K
  class space    used 15473K, capacity 16630K, committed 16716K, reserved 253952K
}
Event: 12.986 GC heap after
{Heap after GC invocations=37 (full 0):
 garbage-first heap   total 280576K, used 229767K [0x00000000e0000000, 0x0000000100000000)
  region size 1024K, 1 young (1024K), 1 survivors (1024K)
 Metaspace       used 121401K, capacity 124494K, committed 124724K, reserved 362496K
  class space    used 15473K, capacity 16630K, committed 16716K, reserved 253952K
}
Event: 13.061 GC heap before
{Heap before GC invocations=37 (full 0):
 garbage-first heap   total 280576K, used 242055K [0x00000000e0000000, 0x0000000100000000)
  region size 1024K, 15 young (15360K), 1 survivors (1024K)
 Metaspace       used 122284K, capacity 125390K, committed 125620K, reserved 364544K
  class space    used 15545K, capacity 16758K, committed 16844K, reserved 253952K
}
Event: 13.063 GC heap after
{Heap after GC invocations=38 (full 0):
 garbage-first heap   total 280576K, used 229048K [0x00000000e0000000, 0x0000000100000000)
  region size 1024K, 2 young (2048K), 2 survivors (2048K)
 Metaspace       used 122284K, capacity 125390K, committed 125620K, reserved 364544K
  class space    used 15545K, capacity 16758K, committed 16844K, reserved 253952K
}
Event: 13.132 GC heap before
{Heap before GC invocations=39 (full 0):
 garbage-first heap   total 280576K, used 245432K [0x00000000e0000000, 0x0000000100000000)
  region size 1024K, 16 young (16384K), 2 survivors (2048K)
 Metaspace       used 123430K, capacity 126542K, committed 126644K, reserved 364544K
  class space    used 15605K, capacity 16822K, committed 16844K, reserved 253952K
}
Event: 13.135 GC heap after
{Heap after GC invocations=40 (full 0):
 garbage-first heap   total 280576K, used 232011K [0x00000000e0000000, 0x0000000100000000)
  region size 1024K, 2 young (2048K), 2 survivors (2048K)
 Metaspace       used 123430K, capacity 126542K, committed 126644K, reserved 364544K
  class space    used 15605K, capacity 16822K, committed 16844K, reserved 253952K
}
Event: 13.207 GC heap before
{Heap before GC invocations=40 (full 0):
 garbage-first heap   total 280576K, used 243275K [0x00000000e0000000, 0x0000000100000000)
  region size 1024K, 13 young (13312K), 2 survivors (2048K)
 Metaspace       used 124590K, capacity 127669K, committed 127924K, reserved 366592K
  class space    used 15755K, capacity 16982K, committed 17100K, reserved 253952K
}
Event: 13.214 GC heap after
{Heap after GC invocations=41 (full 0):
 garbage-first heap   total 280576K, used 226860K [0x00000000e0000000, 0x0000000100000000)
  region size 1024K, 2 young (2048K), 2 survivors (2048K)
 Metaspace       used 124590K, capacity 127669K, committed 127924K, reserved 366592K
  class space    used 15755K, capacity 16982K, committed 17100K, reserved 253952K
}
Event: 13.411 GC heap before
{Heap before GC invocations=41 (full 0):
 garbage-first heap   total 280576K, used 242220K [0x00000000e0000000, 0x0000000100000000)
  region size 1024K, 18 young (18432K), 2 survivors (2048K)
 Metaspace       used 126840K, capacity 129908K, committed 130100K, reserved 368640K
  class space    used 16029K, capacity 17211K, committed 17228K, reserved 253952K
}
Event: 13.414 GC heap after
{Heap after GC invocations=42 (full 0):
 garbage-first heap   total 280576K, used 227452K [0x00000000e0000000, 0x0000000100000000)
  region size 1024K, 2 young (2048K), 2 survivors (2048K)
 Metaspace       used 126840K, capacity 129908K, committed 130100K, reserved 368640K
  class space    used 16029K, capacity 17211K, committed 17228K, reserved 253952K
}
Event: 13.577 GC heap before
{Heap before GC invocations=42 (full 0):
 garbage-first heap   total 280576K, used 243836K [0x00000000e0000000, 0x0000000100000000)
  region size 1024K, 19 young (19456K), 2 survivors (2048K)
 Metaspace       used 129340K, capacity 132410K, committed 132532K, reserved 370688K
  class space    used 16347K, capacity 17532K, committed 17612K, reserved 253952K
}
Event: 13.580 GC heap after
{Heap after GC invocations=43 (full 0):
 garbage-first heap   total 280576K, used 229103K [0x00000000e0000000, 0x0000000100000000)
  region size 1024K, 3 young (3072K), 3 survivors (3072K)
 Metaspace       used 129340K, capacity 132410K, committed 132532K, reserved 370688K
  class space    used 16347K, capacity 17532K, committed 17612K, reserved 253952K
}
Event: 13.701 GC heap before
{Heap before GC invocations=43 (full 0):
 garbage-first heap   total 280576K, used 245487K [0x00000000e0000000, 0x0000000100000000)
  region size 1024K, 19 young (19456K), 3 survivors (3072K)
 Metaspace       used 129963K, capacity 133055K, committed 133300K, reserved 370688K
  class space    used 16396K, capacity 17575K, committed 17612K, reserved 253952K
}
Event: 13.709 GC heap after
{Heap after GC invocations=44 (full 0):
 garbage-first heap   total 280576K, used 230013K [0x00000000e0000000, 0x0000000100000000)
  region size 1024K, 3 young (3072K), 3 survivors (3072K)
 Metaspace       used 129963K, capacity 133055K, committed 133300K, reserved 370688K
  class space    used 16396K, capacity 17575K, committed 17612K, reserved 253952K
}
Event: 13.984 GC heap before
{Heap before GC invocations=45 (full 0):
 garbage-first heap   total 280576K, used 190077K [0x00000000e0000000, 0x0000000100000000)
  region size 1024K, 18 young (18432K), 3 survivors (3072K)
 Metaspace       used 130366K, capacity 133401K, committed 133684K, reserved 370688K
  class space    used 16423K, capacity 17614K, committed 17740K, reserved 253952K
}
Event: 13.989 GC heap after
{Heap after GC invocations=46 (full 0):
 garbage-first heap   total 280576K, used 173135K [0x00000000e0000000, 0x0000000100000000)
  region size 1024K, 2 young (2048K), 2 survivors (2048K)
 Metaspace       used 130366K, capacity 133401K, committed 133684K, reserved 370688K
  class space    used 16423K, capacity 17614K, committed 17740K, reserved 253952K
}
Event: 14.148 GC heap before
{Heap before GC invocations=46 (full 0):
 garbage-first heap   total 280576K, used 184399K [0x00000000e0000000, 0x0000000100000000)
  region size 1024K, 13 young (13312K), 2 survivors (2048K)
 Metaspace       used 132069K, capacity 135225K, committed 135476K, reserved 372736K
  class space    used 16674K, capacity 17922K, committed 17996K, reserved 253952K
}
Event: 14.153 GC heap after
{Heap after GC invocations=47 (full 0):
 garbage-first heap   total 280576K, used 146276K [0x00000000e0000000, 0x0000000100000000)
  region size 1024K, 2 young (2048K), 2 survivors (2048K)
 Metaspace       used 132069K, capacity 135225K, committed 135476K, reserved 372736K
  class space    used 16674K, capacity 17922K, committed 17996K, reserved 253952K
}

